0 info it worked if it ends with ok
1 verbose cli [ '/usr/bin/nodejs', '/usr/bin/npm', 'run', 'dev' ]
2 info using npm@3.10.8
3 info using node@v6.9.0
4 verbose run-script [ 'predev', 'dev', 'postdev' ]
5 info lifecycle vue-basic@~predev: vue-basic@
6 silly lifecycle vue-basic@~predev: no script for predev, continuing
7 info lifecycle vue-basic@~dev: vue-basic@
8 verbose lifecycle vue-basic@~dev: unsafe-perm in lifecycle true
9 verbose lifecycle vue-basic@~dev: PATH: /usr/lib/node_modules/npm/bin/node-gyp-bin:/home/jardim/Documentos/hipervideo-template/node_modules/.bin:/usr/local/bin:/usr/bin:/bin:/usr/local/games:/usr/games:/home/jardim/.rvm/bin:/home/jardim/.rvm/bin
10 verbose lifecycle vue-basic@~dev: CWD: /home/jardim/Documentos/hipervideo-template
11 silly lifecycle vue-basic@~dev: Args: [ '-c', 'npm-run-all --parallel watchify serve' ]
12 silly lifecycle vue-basic@~dev: Returned: code: 1  signal: null
13 info lifecycle vue-basic@~dev: Failed to exec dev script
14 verbose stack Error: vue-basic@ dev: `npm-run-all --parallel watchify serve`
14 verbose stack Exit status 1
14 verbose stack     at EventEmitter.<anonymous> (/usr/lib/node_modules/npm/lib/utils/lifecycle.js:255:16)
14 verbose stack     at emitTwo (events.js:106:13)
14 verbose stack     at EventEmitter.emit (events.js:191:7)
14 verbose stack     at ChildProcess.<anonymous> (/usr/lib/node_modules/npm/lib/utils/spawn.js:40:14)
14 verbose stack     at emitTwo (events.js:106:13)
14 verbose stack     at ChildProcess.emit (events.js:191:7)
14 verbose stack     at maybeClose (internal/child_process.js:877:16)
14 verbose stack     at Process.ChildProcess._handle.onexit (internal/child_process.js:226:5)
15 verbose pkgid vue-basic@
16 verbose cwd /home/jardim/Documentos/hipervideo-template
17 error Linux 3.16.0-4-amd64
18 error argv "/usr/bin/nodejs" "/usr/bin/npm" "run" "dev"
19 error node v6.9.0
20 error npm  v3.10.8
21 error code ELIFECYCLE
22 error vue-basic@ dev: `npm-run-all --parallel watchify serve`
22 error Exit status 1
23 error Failed at the vue-basic@ dev script 'npm-run-all --parallel watchify serve'.
23 error Make sure you have the latest version of node.js and npm installed.
23 error If you do, this is most likely a problem with the vue-basic package,
23 error not with npm itself.
23 error Tell the author that this fails on your system:
23 error     npm-run-all --parallel watchify serve
23 error You can get information on how to open an issue for this project with:
23 error     npm bugs vue-basic
23 error Or if that isn't available, you can get their info via:
23 error     npm owner ls vue-basic
23 error There is likely additional logging output above.
24 verbose exit [ 1, true ]
